<?xml version="1.0" encoding="UTF-8"?>
<!-- Generated by org.testng.reporters.JUnitXMLReporter -->
<testsuite ignored="0" hostname="DESKTOP-OBQ3MPO" failures="0" tests="3" name="Test" time="7.77" errors="0" timestamp="2025-12-08T17:03:16 IST">
  <testcase classname="testPackage.RegistrationPageTest" name="TC01" time="0.289"/>
  <testcase classname="testPackage.RegistrationPageTest" name="TC02_Login" time="4.277"/>
  <testcase classname="testPackage.RegistrationPageTest" name="TC03_ForgotPassword" time="2.877"/>
</testsuite> <!-- Test -->
