<?xml version="1.0" encoding="UTF-8"?>
<!-- Generated by org.testng.reporters.JUnitXMLReporter -->
<testsuite ignored="3" hostname="DESKTOP-OBQ3MPO" failures="0" tests="1" name="Test" time="23.276" errors="0" timestamp="2025-12-08T20:49:05 IST">
  <testcase classname="testPackage.SearchBoxTest" name="TC04" time="9.226"/>
  <testcase classname="testPackage.RegistrationPageTest" name="TC02_Login" time="0.0">
    <ignored/>
  </testcase> <!-- TC02_Login -->
  <testcase classname="testPackage.RegistrationPageTest" name="TC01" time="0.0">
    <ignored/>
  </testcase> <!-- TC01 -->
  <testcase classname="testPackage.RegistrationPageTest" name="TC03_ForgotPassword" time="0.0">
    <ignored/>
  </testcase> <!-- TC03_ForgotPassword -->
</testsuite> <!-- Test -->
