<?xml version="1.0" encoding="UTF-8"?>
<testng-results ignored="0" total="2" passed="2" failed="0" skipped="0">
  <reporter-output>
  </reporter-output>
  <suite started-at="2025-12-08T15:23:04 IST" name="Suite" finished-at="2025-12-08T15:23:06 IST" duration-ms="2043">
    <groups>
    </groups>
    <test started-at="2025-12-08T15:23:04 IST" name="Test" finished-at="2025-12-08T15:23:06 IST" duration-ms="2043">
      <class name="testPackage.RegistrationPageTest">
        <test-method is-config="true" signature="init(java.lang.String)[pri:0, instance:testPackage.RegistrationPageTest@77c2494c]" started-at="2025-12-08T15:22:48 IST" name="init" finished-at="2025-12-08T15:23:04 IST" duration-ms="16133" status="PASS">
          <params>
            <param index="0">
              <value>
                <![CDATA[https://www.snaffle.com.au/]]>
              </value>
            </param>
          </params>
          <reporter-output>
          </reporter-output>
        </test-method> <!-- init -->
        <test-method is-config="true" signature="ObjectCreation()[pri:0, instance:testPackage.RegistrationPageTest@77c2494c]" started-at="2025-12-08T15:23:04 IST" name="ObjectCreation" finished-at="2025-12-08T15:23:05 IST" duration-ms="298" status="PASS">
          <reporter-output>
          </reporter-output>
        </test-method> <!-- ObjectCreation -->
        <test-method signature="TC01()[pri:0, instance:testPackage.RegistrationPageTest@77c2494c]" started-at="2025-12-08T15:23:05 IST" name="TC01" finished-at="2025-12-08T15:23:05 IST" duration-ms="391" status="PASS">
          <reporter-output>
          </reporter-output>
        </test-method> <!-- TC01 -->
        <test-method signature="TC02()[pri:0, instance:testPackage.RegistrationPageTest@77c2494c]" started-at="2025-12-08T15:23:05 IST" name="TC02" finished-at="2025-12-08T15:23:06 IST" duration-ms="1207" status="PASS">
          <reporter-output>
          </reporter-output>
        </test-method> <!-- TC02 -->
      </class> <!-- testPackage.RegistrationPageTest -->
    </test> <!-- Test -->
  </suite> <!-- Suite -->
</testng-results>
