<?xml version="1.0" encoding="UTF-8"?>
<testng-results ignored="0" total="1" passed="1" failed="0" skipped="0">
  <reporter-output>
  </reporter-output>
  <suite started-at="2025-12-07T20:44:22 IST" name="Default suite" finished-at="2025-12-07T20:44:35 IST" duration-ms="13400">
    <groups>
    </groups>
    <test started-at="2025-12-07T20:44:22 IST" name="Default test" finished-at="2025-12-07T20:44:35 IST" duration-ms="13400">
      <class name="baseTest.BaseTestClass">
        <test-method signature="init()[pri:0, instance:baseTest.BaseTestClass@55141def]" started-at="2025-12-07T20:44:22 IST" name="init" finished-at="2025-12-07T20:44:35 IST" duration-ms="13209" status="PASS">
          <reporter-output>
          </reporter-output>
        </test-method> <!-- init -->
      </class> <!-- baseTest.BaseTestClass -->
    </test> <!-- Default test -->
  </suite> <!-- Default suite -->
</testng-results>
