<?xml version="1.0" encoding="UTF-8"?>
<!-- Generated by org.testng.reporters.JUnitReportReporter -->
<testsuite hostname="DESKTOP-OBQ3MPO" failures="0" tests="3" name="testPackage.RegistrationPageTest" time="7.900" errors="0" timestamp="2025-12-08T20:48:46 IST" skipped="0">
  <testcase classname="testPackage.RegistrationPageTest" name="TC02_Login" time="4.402"/>
  <testcase classname="testPackage.RegistrationPageTest" name="TC01" time="0.925"/>
  <testcase classname="testPackage.RegistrationPageTest" name="TC03_ForgotPassword" time="2.573"/>
</testsuite> <!-- testPackage.RegistrationPageTest -->
