<?xml version="1.0" encoding="UTF-8"?>
<!-- Generated by org.testng.reporters.JUnitReportReporter -->
<testsuite hostname="DESKTOP-OBQ3MPO" failures="0" tests="3" name="testPackage.RegistrationPageTest" time="7.611" errors="0" timestamp="2025-12-08T17:03:17 IST" skipped="0">
  <testcase classname="testPackage.RegistrationPageTest" name="TC01" time="0.454"/>
  <testcase classname="testPackage.RegistrationPageTest" name="TC02_Login" time="4.279"/>
  <testcase classname="testPackage.RegistrationPageTest" name="TC03_ForgotPassword" time="2.878"/>
</testsuite> <!-- testPackage.RegistrationPageTest -->
